<?xml version="1.0" encoding="UTF-8"?>
<!-- Generated by org.testng.reporters.JUnitReportReporter -->
<testsuite skipped="0" hostname="DESKTOP-5DE6GCP" name="com.sf.qa.testcases.NewAccountPageTest" tests="1" failures="0" timestamp="2020-08-20T15:53:59 EDT" time="18.738" errors="0">
  <testcase name="fillNewAccountInfo" time="18.738" classname="com.sf.qa.testcases.NewAccountPageTest"/>
  <system-out/>
</testsuite> <!-- com.sf.qa.testcases.NewAccountPageTest -->
