<?xml version="1.0" encoding="UTF-8"?>
<!-- Generated by org.testng.reporters.JUnitReportReporter -->
<testsuite skipped="0" hostname="DESKTOP-5DE6GCP" name="com.sf.qa.testcases.LoginPageTest" tests="1" failures="0" timestamp="2020-08-20T17:07:25 EDT" time="14.587" errors="0">
  <testcase name="loginToSF" time="14.587" classname="com.sf.qa.testcases.LoginPageTest"/>
  <system-out/>
</testsuite> <!-- com.sf.qa.testcases.LoginPageTest -->
