<?xml version="1.0" encoding="UTF-8"?>
<!-- Generated by org.testng.reporters.JUnitReportReporter -->
<testsuite skipped="0" hostname="DESKTOP-5DE6GCP" name="com.sf.qa.testcases.AccountsPageTest" tests="1" failures="0" timestamp="2020-08-23T18:21:11 EDT" time="15.813" errors="0">
  <testcase name="clickOnNewAccount" time="15.813" classname="com.sf.qa.testcases.AccountsPageTest"/>
  <system-out/>
</testsuite> <!-- com.sf.qa.testcases.AccountsPageTest -->
